<?xml version="1.0" encoding="utf-8"?><testsuites name="pytest tests"><testsuite name="pytest" errors="0" failures="0" skipped="0" tests="22" time="16.189" timestamp="2026-05-28T20:17:30.010839+00:00" hostname="agent-env-430ac6cf-576b-4eae-b384-c6fd40ddc0a6"><testcase classname="tests.backend_test.TestHealthAuth" name="test_health" time="0.169" /><testcase classname="tests.backend_test.TestHealthAuth" name="test_login_success" time="0.278" /><testcase classname="tests.backend_test.TestHealthAuth" name="test_login_wrong_password" time="0.272" /><testcase classname="tests.backend_test.TestHealthAuth" name="test_auth_me_with_token" time="0.429" /><testcase classname="tests.backend_test.TestHealthAuth" name="test_auth_me_no_token" time="0.058" /><testcase classname="tests.backend_test.TestSettings" name="test_public_settings_no_secrets" time="0.054" /><testcase classname="tests.backend_test.TestSettings" name="test_get_settings_admin" time="0.065" /><testcase classname="tests.backend_test.TestSettings" name="test_update_settings" time="0.228" /><testcase classname="tests.backend_test.TestTickets" name="test_create_get_update_delete" time="0.273" /><testcase classname="tests.backend_test.TestClients" name="test_crud" time="0.252" /><testcase classname="tests.backend_test.TestProjects" name="test_crud" time="0.185" /><testcase classname="tests.backend_test.TestInvoices" name="test_create_computes_totals" time="0.082" /><testcase classname="tests.backend_test.TestPayments" name="test_payment_marks_invoice_paid" time="0.126" /><testcase classname="tests.backend_test.TestBookkeeping" name="test_create_and_summary" time="0.369" /><testcase classname="tests.backend_test.TestEmployees" name="test_crud" time="0.137" /><testcase classname="tests.backend_test.TestPO" name="test_create_computes_total" time="0.142" /><testcase classname="tests.backend_test.TestAnalytics" name="test_dashboard" time="0.062" /><testcase classname="tests.backend_test.TestEmail" name="test_compose" time="0.535" /><testcase classname="tests.backend_test.TestEmail" name="test_send_returns_mocked" time="0.078" /><testcase classname="tests.backend_test.TestEmail" name="test_email_logs" time="0.067" /><testcase classname="tests.backend_test.TestChat" name="test_start_chat" time="0.058" /><testcase classname="tests.backend_test.TestChat" name="test_chat_message_and_intake_flow" time="12.175" /></testsuite></testsuites>